<?xml version="1.0" encoding="UTF-8"?>
<!-- Generated by org.testng.reporters.JUnitXMLReporter -->
<testsuite ignored="0" hostname="DESKTOP-2NI8GCS" failures="1" tests="3" name="Test" time="8.166" errors="0" timestamp="2023-10-12T23:26:35 IST">
  <testcase classname="com.testng_Prac.Adactin_Prac" name="click_Button" time="0.014">
    <failure type="java.lang.NullPointerException" message="Cannot invoke &amp;quot;org.openqa.selenium.WebDriver.findElement(org.openqa.selenium.By)&amp;quot; because &amp;quot;this.driver&amp;quot; is null">
      <![CDATA[java.lang.NullPointerException: Cannot invoke "org.openqa.selenium.WebDriver.findElement(org.openqa.selenium.By)" because "this.driver" is null
at com.testng_Prac.Adactin_Prac.click_Button(Adactin_Prac.java:36)
at java.base/java.util.ArrayList.forEach(ArrayList.java:1511)
... Removed 27 stack frames]]>
    </failure>
  </testcase> <!-- click_Button -->
  <testcase classname="com.testng_Prac.Adactin_Prac" name="login" time="7.867"/>
  <testcase classname="com.testng_Prac.Adactin_Prac" name="username" time="0.212"/>
</testsuite> <!-- Test -->
